2023-09-17 23:40:32,816 [Worker-1: Loading available Gradle versions] INFO  o.e.b.c.i.u.g.PublishedGradleVersions - Gradle version information cache is up-to-date. Trying to read.
2023-09-17 23:41:22,468 [Worker-13: Building] INFO  o.e.m.c.i.l.LifecycleMappingFactory - Using org.eclipse.m2e.jdt.JarLifecycleMapping lifecycle mapping for MavenProject: com.javatechie:spring-boot-crud-example-product:0.0.1-SNAPSHOT @ D:\GitHub\Invento\spring-boot-invento\pom.xml.
2023-09-17 23:41:25,145 [Worker-13: Building] INFO  o.a.m.s.f.DefaultMavenResourcesFiltering - Copying 1 resource from src\main\resources to target\classes
2023-09-17 23:41:25,182 [Worker-13: Building] INFO  o.a.m.s.f.DefaultMavenResourcesFiltering - Copying 0 resource from src\main\resources to target\classes
2023-09-17 23:41:25,191 [Worker-13: Building] INFO  o.a.m.s.f.DefaultMavenResourcesFiltering - skip non existing resourceDirectory D:\GitHub\Invento\spring-boot-invento\src\test\resources
2023-09-17 23:41:56,131 [Worker-11: Updating Maven Project] INFO  o.e.m.c.i.p.ProjectConfigurationManager - Update started
2023-09-17 23:41:56,798 [Worker-11: Updating Maven Project] INFO  o.e.m.c.i.l.LifecycleMappingFactory - Using org.eclipse.m2e.jdt.JarLifecycleMapping lifecycle mapping for MavenProject: com.javatechie:spring-boot-crud-example-product:0.0.1-SNAPSHOT @ D:\GitHub\Invento\spring-boot-invento\pom.xml.
2023-09-17 23:41:58,446 [Worker-11: Updating Maven Project] INFO  o.e.m.j.i.AbstractJavaProjectConfigurator - Adding source folder /spring-boot-invento/src/main/java
2023-09-17 23:41:58,447 [Worker-11: Updating Maven Project] INFO  o.e.m.j.i.AbstractJavaProjectConfigurator - Adding resource folder /spring-boot-invento/src/main/resources
2023-09-17 23:41:58,447 [Worker-11: Updating Maven Project] INFO  o.e.m.j.i.AbstractJavaProjectConfigurator - Adding resource folder /spring-boot-invento/src/main/resources
2023-09-17 23:41:58,448 [Worker-11: Updating Maven Project] INFO  o.e.m.j.i.AbstractJavaProjectConfigurator - Adding source folder /spring-boot-invento/src/test/java
2023-09-17 23:41:59,542 [Worker-11: Updating Maven Project] INFO  o.e.m.c.i.p.ProjectConfigurationManager - Update completed for 1 poms: local refresh takes 0.00 sec, refresh facades takes 2.00 sec, update config takes 0.00 sec 
2023-09-17 23:42:00,391 [Worker-0: Building] INFO  o.a.m.s.f.DefaultMavenResourcesFiltering - Copying 1 resource from src\main\resources to target\classes
2023-09-17 23:42:00,423 [Worker-0: Building] INFO  o.a.m.s.f.DefaultMavenResourcesFiltering - Copying 0 resource from src\main\resources to target\classes
2023-09-17 23:42:00,430 [Worker-0: Building] INFO  o.a.m.s.f.DefaultMavenResourcesFiltering - skip non existing resourceDirectory D:\GitHub\Invento\spring-boot-invento\src\test\resources
2023-09-17 23:58:04,871 [Worker-7: Loading available Gradle versions] INFO  o.e.b.c.i.u.g.PublishedGradleVersions - Gradle version information cache is up-to-date. Trying to read.
2023-09-17 23:59:00,278 [Worker-14: Building] INFO  o.a.m.s.f.DefaultMavenResourcesFiltering - Copying 1 resource from src\main\resources to target\classes
2023-09-17 23:59:00,318 [Worker-14: Building] INFO  o.a.m.s.f.DefaultMavenResourcesFiltering - Copying 0 resource from src\main\resources to target\classes
2023-09-17 23:59:00,328 [Worker-14: Building] INFO  o.a.m.s.f.DefaultMavenResourcesFiltering - skip non existing resourceDirectory D:\GitHub\Invento\spring-boot-invento\src\test\resources
2023-10-20 16:26:45,692 [Worker-3: Loading available Gradle versions] INFO  o.e.b.c.i.u.g.PublishedGradleVersions - Gradle version information cache is out-of-date. Trying to update.
2023-10-20 16:38:17,200 [main] INFO  o.e.m2e.actions.ExecutePomAction - Creating new launch configuration
2023-10-20 16:38:48,594 [Worker-16: Launching invento] INFO  o.eclipse.m2e.core.internal.Bundles - getClasspathEntries(Bundle=org.eclipse.m2e.maven.runtime_3.8.701.20230209-1606 [346])
2023-10-20 16:38:48,645 [Worker-16: Launching invento] INFO  o.eclipse.m2e.core.internal.Bundles - 	Entry: E:\sts-4.18.0.RELEASE\plugins\org.eclipse.m2e.maven.runtime_3.8.701.20230209-1606
2023-10-20 16:38:48,672 [Worker-16: Launching invento] INFO  o.eclipse.m2e.core.internal.Bundles - 	Entry: E:\sts-4.18.0.RELEASE\plugins\org.eclipse.m2e.maven.runtime_3.8.701.20230209-1606\jars\aether-connector-okhttp-0.17.8.jar
2023-10-20 16:38:48,673 [Worker-16: Launching invento] INFO  o.eclipse.m2e.core.internal.Bundles - 	Entry: E:\sts-4.18.0.RELEASE\plugins\org.eclipse.m2e.maven.runtime_3.8.701.20230209-1606\jars\commons-lang3-3.8.1.jar
2023-10-20 16:38:48,673 [Worker-16: Launching invento] INFO  o.eclipse.m2e.core.internal.Bundles - 	Entry: E:\sts-4.18.0.RELEASE\plugins\org.eclipse.m2e.maven.runtime_3.8.701.20230209-1606\jars\guice-4.2.2-no_aop.jar
2023-10-20 16:38:48,673 [Worker-16: Launching invento] INFO  o.eclipse.m2e.core.internal.Bundles - 	Entry: E:\sts-4.18.0.RELEASE\plugins\org.eclipse.m2e.maven.runtime_3.8.701.20230209-1606\jars\jansi-2.4.0.jar
2023-10-20 16:38:48,673 [Worker-16: Launching invento] INFO  o.eclipse.m2e.core.internal.Bundles - 	Entry: E:\sts-4.18.0.RELEASE\plugins\org.eclipse.m2e.maven.runtime_3.8.701.20230209-1606\jars\maven-artifact-3.8.7.jar
2023-10-20 16:38:48,673 [Worker-16: Launching invento] INFO  o.eclipse.m2e.core.internal.Bundles - 	Entry: E:\sts-4.18.0.RELEASE\plugins\org.eclipse.m2e.maven.runtime_3.8.701.20230209-1606\jars\maven-builder-support-3.8.7.jar
2023-10-20 16:38:48,674 [Worker-16: Launching invento] INFO  o.eclipse.m2e.core.internal.Bundles - 	Entry: E:\sts-4.18.0.RELEASE\plugins\org.eclipse.m2e.maven.runtime_3.8.701.20230209-1606\jars\maven-compat-3.8.7.jar
2023-10-20 16:38:48,674 [Worker-16: Launching invento] INFO  o.eclipse.m2e.core.internal.Bundles - 	Entry: E:\sts-4.18.0.RELEASE\plugins\org.eclipse.m2e.maven.runtime_3.8.701.20230209-1606\jars\maven-core-3.8.7.jar
2023-10-20 16:38:48,674 [Worker-16: Launching invento] INFO  o.eclipse.m2e.core.internal.Bundles - 	Entry: E:\sts-4.18.0.RELEASE\plugins\org.eclipse.m2e.maven.runtime_3.8.701.20230209-1606\jars\maven-embedder-3.8.7.jar
2023-10-20 16:38:48,674 [Worker-16: Launching invento] INFO  o.eclipse.m2e.core.internal.Bundles - 	Entry: E:\sts-4.18.0.RELEASE\plugins\org.eclipse.m2e.maven.runtime_3.8.701.20230209-1606\jars\maven-model-3.8.7.jar
2023-10-20 16:38:48,674 [Worker-16: Launching invento] INFO  o.eclipse.m2e.core.internal.Bundles - 	Entry: E:\sts-4.18.0.RELEASE\plugins\org.eclipse.m2e.maven.runtime_3.8.701.20230209-1606\jars\maven-model-builder-3.8.7.jar
2023-10-20 16:38:48,674 [Worker-16: Launching invento] INFO  o.eclipse.m2e.core.internal.Bundles - 	Entry: E:\sts-4.18.0.RELEASE\plugins\org.eclipse.m2e.maven.runtime_3.8.701.20230209-1606\jars\maven-plugin-api-3.8.7.jar
2023-10-20 16:38:48,674 [Worker-16: Launching invento] INFO  o.eclipse.m2e.core.internal.Bundles - 	Entry: E:\sts-4.18.0.RELEASE\plugins\org.eclipse.m2e.maven.runtime_3.8.701.20230209-1606\jars\maven-repository-metadata-3.8.7.jar
2023-10-20 16:38:48,674 [Worker-16: Launching invento] INFO  o.eclipse.m2e.core.internal.Bundles - 	Entry: E:\sts-4.18.0.RELEASE\plugins\org.eclipse.m2e.maven.runtime_3.8.701.20230209-1606\jars\maven-resolver-api-1.6.3.jar
2023-10-20 16:38:48,675 [Worker-16: Launching invento] INFO  o.eclipse.m2e.core.internal.Bundles - 	Entry: E:\sts-4.18.0.RELEASE\plugins\org.eclipse.m2e.maven.runtime_3.8.701.20230209-1606\jars\maven-resolver-connector-basic-1.6.3.jar
2023-10-20 16:38:48,675 [Worker-16: Launching invento] INFO  o.eclipse.m2e.core.internal.Bundles - 	Entry: E:\sts-4.18.0.RELEASE\plugins\org.eclipse.m2e.maven.runtime_3.8.701.20230209-1606\jars\maven-resolver-impl-1.6.3.jar
2023-10-20 16:38:48,675 [Worker-16: Launching invento] INFO  o.eclipse.m2e.core.internal.Bundles - 	Entry: E:\sts-4.18.0.RELEASE\plugins\org.eclipse.m2e.maven.runtime_3.8.701.20230209-1606\jars\maven-resolver-provider-3.8.7.jar
2023-10-20 16:38:48,675 [Worker-16: Launching invento] INFO  o.eclipse.m2e.core.internal.Bundles - 	Entry: E:\sts-4.18.0.RELEASE\plugins\org.eclipse.m2e.maven.runtime_3.8.701.20230209-1606\jars\maven-resolver-spi-1.6.3.jar
2023-10-20 16:38:48,675 [Worker-16: Launching invento] INFO  o.eclipse.m2e.core.internal.Bundles - 	Entry: E:\sts-4.18.0.RELEASE\plugins\org.eclipse.m2e.maven.runtime_3.8.701.20230209-1606\jars\maven-resolver-transport-wagon-1.6.3.jar
2023-10-20 16:38:48,675 [Worker-16: Launching invento] INFO  o.eclipse.m2e.core.internal.Bundles - 	Entry: E:\sts-4.18.0.RELEASE\plugins\org.eclipse.m2e.maven.runtime_3.8.701.20230209-1606\jars\maven-resolver-util-1.6.3.jar
2023-10-20 16:38:48,676 [Worker-16: Launching invento] INFO  o.eclipse.m2e.core.internal.Bundles - 	Entry: E:\sts-4.18.0.RELEASE\plugins\org.eclipse.m2e.maven.runtime_3.8.701.20230209-1606\jars\maven-settings-3.8.7.jar
2023-10-20 16:38:48,676 [Worker-16: Launching invento] INFO  o.eclipse.m2e.core.internal.Bundles - 	Entry: E:\sts-4.18.0.RELEASE\plugins\org.eclipse.m2e.maven.runtime_3.8.701.20230209-1606\jars\maven-settings-builder-3.8.7.jar
2023-10-20 16:38:48,676 [Worker-16: Launching invento] INFO  o.eclipse.m2e.core.internal.Bundles - 	Entry: E:\sts-4.18.0.RELEASE\plugins\org.eclipse.m2e.maven.runtime_3.8.701.20230209-1606\jars\maven-shared-utils-3.3.4.jar
2023-10-20 16:38:48,676 [Worker-16: Launching invento] INFO  o.eclipse.m2e.core.internal.Bundles - 	Entry: E:\sts-4.18.0.RELEASE\plugins\org.eclipse.m2e.maven.runtime_3.8.701.20230209-1606\jars\okhttp-3.14.1.jar
2023-10-20 16:38:48,676 [Worker-16: Launching invento] INFO  o.eclipse.m2e.core.internal.Bundles - 	Entry: E:\sts-4.18.0.RELEASE\plugins\org.eclipse.m2e.maven.runtime_3.8.701.20230209-1606\jars\okio-1.17.3.jar
2023-10-20 16:38:48,677 [Worker-16: Launching invento] INFO  o.eclipse.m2e.core.internal.Bundles - 	Entry: E:\sts-4.18.0.RELEASE\plugins\org.eclipse.m2e.maven.runtime_3.8.701.20230209-1606\jars\org.eclipse.sisu.inject-0.3.5.jar
2023-10-20 16:38:48,677 [Worker-16: Launching invento] INFO  o.eclipse.m2e.core.internal.Bundles - 	Entry: E:\sts-4.18.0.RELEASE\plugins\org.eclipse.m2e.maven.runtime_3.8.701.20230209-1606\jars\org.eclipse.sisu.plexus-0.3.5.jar
2023-10-20 16:38:48,677 [Worker-16: Launching invento] INFO  o.eclipse.m2e.core.internal.Bundles - 	Entry: E:\sts-4.18.0.RELEASE\plugins\org.eclipse.m2e.maven.runtime_3.8.701.20230209-1606\jars\plexus-build-api-0.0.7.jar
2023-10-20 16:38:48,677 [Worker-16: Launching invento] INFO  o.eclipse.m2e.core.internal.Bundles - 	Entry: E:\sts-4.18.0.RELEASE\plugins\org.eclipse.m2e.maven.runtime_3.8.701.20230209-1606\jars\plexus-cipher-2.0.jar
2023-10-20 16:38:48,677 [Worker-16: Launching invento] INFO  o.eclipse.m2e.core.internal.Bundles - 	Entry: E:\sts-4.18.0.RELEASE\plugins\org.eclipse.m2e.maven.runtime_3.8.701.20230209-1606\jars\plexus-classworlds-2.6.0.jar
2023-10-20 16:38:48,677 [Worker-16: Launching invento] INFO  o.eclipse.m2e.core.internal.Bundles - 	Entry: E:\sts-4.18.0.RELEASE\plugins\org.eclipse.m2e.maven.runtime_3.8.701.20230209-1606\jars\plexus-component-annotations-2.1.0.jar
2023-10-20 16:38:48,677 [Worker-16: Launching invento] INFO  o.eclipse.m2e.core.internal.Bundles - 	Entry: E:\sts-4.18.0.RELEASE\plugins\org.eclipse.m2e.maven.runtime_3.8.701.20230209-1606\jars\plexus-interpolation-1.26.jar
2023-10-20 16:38:48,677 [Worker-16: Launching invento] INFO  o.eclipse.m2e.core.internal.Bundles - 	Entry: E:\sts-4.18.0.RELEASE\plugins\org.eclipse.m2e.maven.runtime_3.8.701.20230209-1606\jars\plexus-sec-dispatcher-2.0.jar
2023-10-20 16:38:48,677 [Worker-16: Launching invento] INFO  o.eclipse.m2e.core.internal.Bundles - 	Entry: E:\sts-4.18.0.RELEASE\plugins\org.eclipse.m2e.maven.runtime_3.8.701.20230209-1606\jars\plexus-utils-3.3.1.jar
2023-10-20 16:38:48,677 [Worker-16: Launching invento] INFO  o.eclipse.m2e.core.internal.Bundles - 	Entry: E:\sts-4.18.0.RELEASE\plugins\org.eclipse.m2e.maven.runtime_3.8.701.20230209-1606\jars\wagon-file-3.5.3.jar
2023-10-20 16:38:48,677 [Worker-16: Launching invento] INFO  o.eclipse.m2e.core.internal.Bundles - 	Entry: E:\sts-4.18.0.RELEASE\plugins\org.eclipse.m2e.maven.runtime_3.8.701.20230209-1606\jars\wagon-provider-api-3.5.3.jar
2023-10-20 16:38:48,679 [Worker-16: Launching invento] INFO  o.eclipse.m2e.core.internal.Bundles - getClasspathEntries(Bundle=com.google.guava_31.1.0.jre [23])
2023-10-20 16:38:48,700 [Worker-16: Launching invento] INFO  o.eclipse.m2e.core.internal.Bundles - 	Entry: E:\sts-4.18.0.RELEASE\plugins\com.google.guava_31.1.0.jre.jar
2023-10-20 16:38:48,700 [Worker-16: Launching invento] INFO  o.eclipse.m2e.core.internal.Bundles - getClasspathEntries(Bundle=slf4j.api_1.7.36 [580])
2023-10-20 16:38:48,701 [Worker-16: Launching invento] INFO  o.eclipse.m2e.core.internal.Bundles - 	Entry: E:\sts-4.18.0.RELEASE\plugins\slf4j.api_1.7.36.jar
2023-10-20 16:38:48,701 [Worker-16: Launching invento] INFO  o.eclipse.m2e.core.internal.Bundles - getClasspathEntries(Bundle=javax.inject_1.0.0.v20220405-0441 [50])
2023-10-20 16:38:48,724 [Worker-16: Launching invento] INFO  o.eclipse.m2e.core.internal.Bundles - 	Entry: E:\sts-4.18.0.RELEASE\plugins\javax.inject_1.0.0.v20220405-0441.jar
2023-10-20 16:38:48,724 [Worker-16: Launching invento] INFO  o.eclipse.m2e.core.internal.Bundles - getClasspathEntries(Bundle=javax.annotation_1.3.5.v20221203-1659 [48])
2023-10-20 16:38:48,731 [Worker-16: Launching invento] INFO  o.eclipse.m2e.core.internal.Bundles - 	Entry: E:\sts-4.18.0.RELEASE\plugins\javax.annotation_1.3.5.v20221203-1659.jar
2023-10-20 16:38:48,732 [Worker-16: Launching invento] INFO  o.eclipse.m2e.core.internal.Bundles - getClasspathEntries(Bundle=org.apache.commons.cli_1.4.0.v20221112-0806 [73])
2023-10-20 16:38:48,735 [Worker-16: Launching invento] INFO  o.eclipse.m2e.core.internal.Bundles - 	Entry: E:\sts-4.18.0.RELEASE\plugins\org.apache.commons.cli_1.4.0.v20221112-0806.jar
2023-10-20 16:38:48,735 [Worker-16: Launching invento] INFO  o.eclipse.m2e.core.internal.Bundles - getClasspathEntries(Bundle=com.google.guava.failureaccess_1.0.1 [25])
2023-10-20 16:38:48,743 [Worker-16: Launching invento] INFO  o.eclipse.m2e.core.internal.Bundles - 	Entry: E:\sts-4.18.0.RELEASE\plugins\com.google.guava.failureaccess_1.0.1.jar
2023-10-20 16:38:48,745 [Worker-16: Launching invento] INFO  o.e.m.i.launch.MavenLaunchDelegate - Run build in "D:\GitHub\Invento\spring-boot-invento":
2023-10-20 16:38:48,746 [Worker-16: Launching invento] INFO  o.e.m.i.launch.MavenLaunchDelegate -  mvn  -B -Dstyle.color=always clean built
2023-10-20 16:39:39,291 [main] INFO  o.e.m2e.actions.ExecutePomAction - Using existing launch configuration
2023-10-20 16:39:39,368 [Worker-4: Launching invento] INFO  o.e.m.i.launch.MavenLaunchDelegate - Run build in "D:\GitHub\Invento\spring-boot-invento":
2023-10-20 16:39:39,368 [Worker-4: Launching invento] INFO  o.e.m.i.launch.MavenLaunchDelegate -  mvn  -B -Dstyle.color=always clean built
2023-10-20 16:39:48,680 [main] INFO  o.e.m2e.actions.ExecutePomAction - Creating new launch configuration
2023-10-20 16:40:17,566 [Worker-15: Launching Executing clean in D__GitHub_Invento_spring-boot-invento] INFO  o.e.m.i.launch.MavenLaunchDelegate - Run build in "D:\GitHub\Invento\spring-boot-invento":
2023-10-20 16:40:17,566 [Worker-15: Launching Executing clean in D__GitHub_Invento_spring-boot-invento] INFO  o.e.m.i.launch.MavenLaunchDelegate -  mvn  -B -Dstyle.color=always clean
2023-10-20 16:40:30,186 [main] INFO  o.e.m2e.actions.ExecutePomAction - Creating new launch configuration
2023-10-20 16:41:57,653 [Worker-17: Launching invento] INFO  o.e.m.i.launch.MavenLaunchDelegate - Run build in "D:\GitHub\Invento\spring-boot-invento":
2023-10-20 16:41:57,654 [Worker-17: Launching invento] INFO  o.e.m.i.launch.MavenLaunchDelegate -  mvn  -B -Dstyle.color=always clean built
2023-10-20 16:42:17,102 [main] INFO  o.e.m2e.actions.ExecutePomAction - Creating new launch configuration
2023-10-20 16:42:26,073 [Worker-18: Launching spring-boot-invento (2)] INFO  o.e.m.i.launch.MavenLaunchDelegate - Run build in "D:\GitHub\Invento\spring-boot-invento":
2023-10-20 16:42:26,073 [Worker-18: Launching spring-boot-invento (2)] INFO  o.e.m.i.launch.MavenLaunchDelegate -  mvn  -B -Dstyle.color=always clean install
2023-10-20 16:52:25,833 [Worker-20: Building] INFO  o.a.m.s.f.DefaultMavenResourcesFiltering - Copying 1 resource from src\main\resources to target\classes
2023-10-20 16:52:25,858 [Worker-20: Building] INFO  o.a.m.s.f.DefaultMavenResourcesFiltering - Copying 0 resource from src\main\resources to target\classes
2023-10-20 16:52:25,863 [Worker-20: Building] INFO  o.a.m.s.f.DefaultMavenResourcesFiltering - skip non existing resourceDirectory D:\GitHub\Invento\spring-boot-invento\src\test\resources
2023-10-20 16:53:15,828 [main] INFO  o.e.m2e.actions.ExecutePomAction - Creating new launch configuration
2023-10-20 16:53:28,328 [Worker-21: Launching spring-boot-invento (3)] INFO  o.e.m.i.launch.MavenLaunchDelegate - Run build in "D:\GitHub\Invento\spring-boot-invento":
2023-10-20 16:53:28,328 [Worker-21: Launching spring-boot-invento (3)] INFO  o.e.m.i.launch.MavenLaunchDelegate -  mvn  -B -Dstyle.color=always clean install
2023-10-20 16:54:09,830 [main] INFO  o.e.m2e.actions.ExecutePomAction - Creating new launch configuration
2023-10-20 16:54:28,056 [Worker-20: Launching invento4] INFO  o.e.m.i.launch.MavenLaunchDelegate - Run build in "D:\GitHub\Invento\spring-boot-invento":
2023-10-20 16:54:28,057 [Worker-20: Launching invento4] INFO  o.e.m.i.launch.MavenLaunchDelegate -  mvn  -B -Dstyle.color=always clean install
2023-10-20 17:50:47,423 [Worker-26: Building] INFO  o.a.m.s.f.DefaultMavenResourcesFiltering - Copying 1 resource from src\main\resources to target\classes
2023-10-20 17:50:47,985 [Worker-26: Building] INFO  o.a.m.s.f.DefaultMavenResourcesFiltering - Copying 0 resource from src\main\resources to target\classes
2023-10-20 17:50:48,003 [Worker-26: Building] INFO  o.a.m.s.f.DefaultMavenResourcesFiltering - skip non existing resourceDirectory D:\GitHub\Invento\spring-boot-invento\src\test\resources
2023-10-20 17:54:27,869 [Worker-29: Building] INFO  o.e.m.c.i.l.LifecycleMappingFactory - Using org.maven.ide.eclipse.wtp.WarLifecycleMapping lifecycle mapping for MavenProject: com.javatechie:spring-boot-crud-example-product:0.0.1-SNAPSHOT @ D:\GitHub\Invento\spring-boot-invento\pom.xml.
2023-10-20 17:54:35,943 [Worker-29: Building] INFO  o.a.m.s.f.DefaultMavenResourcesFiltering - Copying 0 resource from src\main\resources to target\classes
2023-10-20 17:54:35,944 [Worker-29: Building] INFO  o.a.m.s.f.DefaultMavenResourcesFiltering - Copying 0 resource from src\main\resources to target\classes
2023-10-20 17:54:35,958 [Worker-29: Building] INFO  o.a.m.s.f.DefaultMavenResourcesFiltering - skip non existing resourceDirectory D:\GitHub\Invento\spring-boot-invento\src\test\resources
2023-10-20 17:54:35,998 [Worker-29: Building] INFO  o.e.m.w.i.f.ResourceFilteringBuildParticipant - Changed resources require a complete clean of filtered resources of spring-boot-invento
2023-10-20 17:54:35,999 [Worker-29: Building] INFO  o.e.m.w.i.f.ResourceFilteringBuildParticipant - Executing resource filtering for spring-boot-invento
2023-10-20 17:54:36,413 [Worker-29: Updating Maven Project] INFO  o.e.m.c.i.p.ProjectConfigurationManager - Update started
2023-10-20 17:54:36,841 [Worker-29: Updating Maven Project] INFO  o.e.m.c.i.l.LifecycleMappingFactory - Using org.maven.ide.eclipse.wtp.WarLifecycleMapping lifecycle mapping for MavenProject: com.javatechie:spring-boot-crud-example-product:0.0.1-SNAPSHOT @ D:\GitHub\Invento\spring-boot-invento\pom.xml.
2023-10-20 17:54:38,721 [Worker-29: Updating Maven Project] INFO  o.e.m.j.i.AbstractJavaProjectConfigurator - Adding source folder /spring-boot-invento/src/main/java
2023-10-20 17:54:38,721 [Worker-29: Updating Maven Project] INFO  o.e.m.j.i.AbstractJavaProjectConfigurator - Adding resource folder /spring-boot-invento/src/main/resources
2023-10-20 17:54:38,722 [Worker-29: Updating Maven Project] INFO  o.e.m.j.i.AbstractJavaProjectConfigurator - Adding resource folder /spring-boot-invento/src/main/resources
2023-10-20 17:54:38,723 [Worker-29: Updating Maven Project] INFO  o.e.m.j.i.AbstractJavaProjectConfigurator - Adding source folder /spring-boot-invento/src/test/java
2023-10-20 17:54:45,442 [Worker-29: Updating Maven Project] INFO  o.e.m.w.i.f.ResourceFilteringBuildParticipant - Cleaning filtered folder for spring-boot-invento
2023-10-20 17:54:46,668 [Worker-29: Updating Maven Project] INFO  o.e.m.c.i.p.ProjectConfigurationManager - Update completed for 1 poms: local refresh takes 0.00 sec, refresh facades takes 2.00 sec, update config takes 6.00 sec 
2023-10-20 17:54:46,674 [Worker-35: Updating Maven Project] INFO  o.e.m.c.i.p.ProjectConfigurationManager - Update started
2023-10-20 17:54:47,208 [Worker-35: Updating Maven Project] INFO  o.e.m.c.i.l.LifecycleMappingFactory - Using org.maven.ide.eclipse.wtp.WarLifecycleMapping lifecycle mapping for MavenProject: com.javatechie:spring-boot-crud-example-product:0.0.1-SNAPSHOT @ D:\GitHub\Invento\spring-boot-invento\pom.xml.
2023-10-20 17:54:49,335 [Worker-35: Updating Maven Project] INFO  o.e.m.j.i.AbstractJavaProjectConfigurator - Adding source folder /spring-boot-invento/src/main/java
2023-10-20 17:54:49,336 [Worker-35: Updating Maven Project] INFO  o.e.m.j.i.AbstractJavaProjectConfigurator - Adding resource folder /spring-boot-invento/src/main/resources
2023-10-20 17:54:49,336 [Worker-35: Updating Maven Project] INFO  o.e.m.j.i.AbstractJavaProjectConfigurator - Adding resource folder /spring-boot-invento/src/main/resources
2023-10-20 17:54:49,337 [Worker-35: Updating Maven Project] INFO  o.e.m.j.i.AbstractJavaProjectConfigurator - Adding source folder /spring-boot-invento/src/test/java
2023-10-20 17:54:50,846 [Worker-35: Updating Maven Project] INFO  o.e.m.w.i.f.ResourceFilteringBuildParticipant - Cleaning filtered folder for spring-boot-invento
2023-10-20 17:54:50,889 [Worker-35: Updating Maven Project] INFO  o.e.m.c.i.p.ProjectConfigurationManager - Update completed for 1 poms: local refresh takes 0.00 sec, refresh facades takes 2.00 sec, update config takes 1.00 sec 
2023-10-20 17:54:53,205 [Worker-31: Building] INFO  o.a.m.s.f.DefaultMavenResourcesFiltering - Copying 1 resource from src\main\resources to target\classes
2023-10-20 17:54:53,233 [Worker-31: Building] INFO  o.a.m.s.f.DefaultMavenResourcesFiltering - Copying 0 resource from src\main\resources to target\classes
2023-10-20 17:54:53,238 [Worker-31: Building] INFO  o.a.m.s.f.DefaultMavenResourcesFiltering - skip non existing resourceDirectory D:\GitHub\Invento\spring-boot-invento\src\test\resources
2023-10-20 17:54:53,239 [Worker-31: Building] INFO  o.e.m.w.i.f.ResourceFilteringBuildParticipant - Changed resources require a complete clean of filtered resources of spring-boot-invento
2023-10-20 17:54:53,239 [Worker-31: Building] INFO  o.e.m.w.i.f.ResourceFilteringBuildParticipant - Executing resource filtering for spring-boot-invento
2023-10-20 17:54:53,467 [Worker-32: Launching Executing clean in D__GitHub_Invento_spring-boot-invento] INFO  o.e.m.i.launch.MavenLaunchDelegate - Run build in "D:\GitHub\Invento\spring-boot-invento":
2023-10-20 17:54:53,468 [Worker-32: Launching Executing clean in D__GitHub_Invento_spring-boot-invento] INFO  o.e.m.i.launch.MavenLaunchDelegate -  mvn  -B -Dstyle.color=always clean
2023-10-20 17:55:37,905 [Worker-40: Building] INFO  o.e.m.c.i.l.LifecycleMappingFactory - Using org.maven.ide.eclipse.wtp.WarLifecycleMapping lifecycle mapping for MavenProject: com.javatechie:spring-boot-crud-example-product:0.0.1-SNAPSHOT @ D:\GitHub\Invento\spring-boot-invento\pom.xml.
2023-10-20 17:55:38,995 [Worker-40: Building] INFO  o.a.m.s.f.DefaultMavenResourcesFiltering - Copying 0 resource from src\main\resources to target\classes
2023-10-20 17:55:38,995 [Worker-40: Building] INFO  o.a.m.s.f.DefaultMavenResourcesFiltering - Copying 0 resource from src\main\resources to target\classes
2023-10-20 17:55:38,998 [Worker-40: Building] INFO  o.a.m.s.f.DefaultMavenResourcesFiltering - skip non existing resourceDirectory D:\GitHub\Invento\spring-boot-invento\src\test\resources
2023-10-20 17:55:38,998 [Worker-40: Building] INFO  o.e.m.w.i.f.ResourceFilteringBuildParticipant - Changed resources require a complete clean of filtered resources of spring-boot-invento
2023-10-20 17:55:38,998 [Worker-40: Building] INFO  o.e.m.w.i.f.ResourceFilteringBuildParticipant - Executing resource filtering for spring-boot-invento
2023-10-20 17:56:56,685 [Worker-36: Building] INFO  o.a.m.s.f.DefaultMavenResourcesFiltering - Copying 1 resource from src\main\resources to target\classes
2023-10-20 17:56:56,711 [Worker-36: Building] INFO  o.a.m.s.f.DefaultMavenResourcesFiltering - Copying 0 resource from src\main\resources to target\classes
2023-10-20 17:56:56,715 [Worker-36: Building] INFO  o.a.m.s.f.DefaultMavenResourcesFiltering - skip non existing resourceDirectory D:\GitHub\Invento\spring-boot-invento\src\test\resources
2023-10-20 17:57:11,447 [main] INFO  o.e.m2e.actions.ExecutePomAction - Creating new launch configuration
2023-10-20 17:57:42,233 [Worker-29: Launching invento4] INFO  o.e.m.i.launch.MavenLaunchDelegate - Run build in "D:\GitHub\Invento\spring-boot-invento":
2023-10-20 17:57:42,233 [Worker-29: Launching invento4] INFO  o.e.m.i.launch.MavenLaunchDelegate -  mvn  -B -Dstyle.color=always clean install
2023-10-20 19:09:02,535 [Worker-50: Building] INFO  o.a.m.s.f.DefaultMavenResourcesFiltering - Copying 1 resource from src\main\resources to target\classes
2023-10-20 19:09:02,538 [Worker-50: Building] INFO  o.a.m.s.f.DefaultMavenResourcesFiltering - Copying 0 resource from src\main\resources to target\classes
2023-10-20 19:09:02,543 [Worker-50: Building] INFO  o.a.m.s.f.DefaultMavenResourcesFiltering - skip non existing resourceDirectory D:\GitHub\Invento\spring-boot-invento\src\test\resources
2023-10-20 19:18:44,917 [Worker-60: Building] INFO  o.e.m.c.i.l.LifecycleMappingFactory - Using org.maven.ide.eclipse.wtp.WarLifecycleMapping lifecycle mapping for MavenProject: com.javatechie:spring-boot-crud-example-product:0.0.1-SNAPSHOT @ D:\GitHub\Invento\spring-boot-invento\pom.xml.
2023-10-20 19:18:46,363 [Worker-60: Building] INFO  o.a.m.s.f.DefaultMavenResourcesFiltering - Copying 0 resource from src\main\resources to target\classes
2023-10-20 19:18:46,363 [Worker-60: Building] INFO  o.a.m.s.f.DefaultMavenResourcesFiltering - Copying 0 resource from src\main\resources to target\classes
2023-10-20 19:18:46,368 [Worker-60: Building] INFO  o.a.m.s.f.DefaultMavenResourcesFiltering - skip non existing resourceDirectory D:\GitHub\Invento\spring-boot-invento\src\test\resources
2023-10-20 19:18:46,370 [Worker-60: Building] INFO  o.e.m.w.i.f.ResourceFilteringBuildParticipant - Changed resources require a complete clean of filtered resources of spring-boot-invento
2023-10-20 19:18:46,370 [Worker-60: Building] INFO  o.e.m.w.i.f.ResourceFilteringBuildParticipant - Executing resource filtering for spring-boot-invento
2023-10-20 19:19:27,872 [Worker-63: Building] INFO  o.e.m.c.i.l.LifecycleMappingFactory - Using org.eclipse.m2e.jdt.JarLifecycleMapping lifecycle mapping for MavenProject: com.javatechie:spring-boot-crud-example-product:0.0.1-SNAPSHOT @ D:\GitHub\Invento\spring-boot-invento\pom.xml.
2023-10-20 19:19:29,027 [Worker-63: Building] INFO  o.a.m.s.f.DefaultMavenResourcesFiltering - Copying 1 resource from src\main\resources to target\classes
2023-10-20 19:19:29,103 [Worker-63: Building] INFO  o.a.m.s.f.DefaultMavenResourcesFiltering - Copying 0 resource from src\main\resources to target\classes
2023-10-20 19:19:29,109 [Worker-63: Building] INFO  o.a.m.s.f.DefaultMavenResourcesFiltering - skip non existing resourceDirectory D:\GitHub\Invento\spring-boot-invento\src\test\resources
2023-10-20 19:19:29,311 [Worker-63: Updating Maven Project] INFO  o.e.m.c.i.p.ProjectConfigurationManager - Update started
2023-10-20 19:19:29,655 [Worker-63: Updating Maven Project] INFO  o.e.m.c.i.l.LifecycleMappingFactory - Using org.eclipse.m2e.jdt.JarLifecycleMapping lifecycle mapping for MavenProject: com.javatechie:spring-boot-crud-example-product:0.0.1-SNAPSHOT @ D:\GitHub\Invento\spring-boot-invento\pom.xml.
2023-10-20 19:19:30,634 [Worker-63: Updating Maven Project] INFO  o.e.m.j.i.AbstractJavaProjectConfigurator - Adding source folder /spring-boot-invento/src/main/java
2023-10-20 19:19:30,634 [Worker-63: Updating Maven Project] INFO  o.e.m.j.i.AbstractJavaProjectConfigurator - Adding resource folder /spring-boot-invento/src/main/resources
2023-10-20 19:19:30,634 [Worker-63: Updating Maven Project] INFO  o.e.m.j.i.AbstractJavaProjectConfigurator - Adding resource folder /spring-boot-invento/src/main/resources
2023-10-20 19:19:30,635 [Worker-63: Updating Maven Project] INFO  o.e.m.j.i.AbstractJavaProjectConfigurator - Adding source folder /spring-boot-invento/src/test/java
2023-10-20 19:19:31,730 [Worker-63: Updating Maven Project] INFO  o.e.m.c.i.p.ProjectConfigurationManager - Update completed for 1 poms: local refresh takes 0.00 sec, refresh facades takes 1.00 sec, update config takes 0.00 sec 
2023-10-20 19:19:32,524 [Worker-61: Building] INFO  o.a.m.s.f.DefaultMavenResourcesFiltering - Copying 1 resource from src\main\resources to target\classes
2023-10-20 19:19:32,559 [Worker-61: Building] INFO  o.a.m.s.f.DefaultMavenResourcesFiltering - Copying 0 resource from src\main\resources to target\classes
2023-10-20 19:19:32,574 [Worker-61: Building] INFO  o.a.m.s.f.DefaultMavenResourcesFiltering - skip non existing resourceDirectory D:\GitHub\Invento\spring-boot-invento\src\test\resources
2023-10-20 19:20:00,226 [Worker-66: Building] INFO  o.a.m.s.f.DefaultMavenResourcesFiltering - Copying 1 resource from src\main\resources to target\classes
2023-10-20 19:20:00,233 [Worker-66: Building] INFO  o.a.m.s.f.DefaultMavenResourcesFiltering - Copying 0 resource from src\main\resources to target\classes
2023-10-20 19:20:00,238 [Worker-66: Building] INFO  o.a.m.s.f.DefaultMavenResourcesFiltering - skip non existing resourceDirectory D:\GitHub\Invento\spring-boot-invento\src\test\resources
2023-10-20 19:20:47,367 [Worker-56: Building] INFO  o.a.m.s.f.DefaultMavenResourcesFiltering - Copying 1 resource from src\main\resources to target\classes
2023-10-20 19:20:47,369 [Worker-56: Building] INFO  o.a.m.s.f.DefaultMavenResourcesFiltering - Copying 0 resource from src\main\resources to target\classes
2023-10-20 19:20:47,372 [Worker-56: Building] INFO  o.a.m.s.f.DefaultMavenResourcesFiltering - skip non existing resourceDirectory D:\GitHub\Invento\spring-boot-invento\src\test\resources
2023-10-20 19:20:54,423 [Worker-60: Launching Executing clean in D__GitHub_Invento_spring-boot-invento] INFO  o.e.m.i.launch.MavenLaunchDelegate - Run build in "D:\GitHub\Invento\spring-boot-invento":
2023-10-20 19:20:54,423 [Worker-60: Launching Executing clean in D__GitHub_Invento_spring-boot-invento] INFO  o.e.m.i.launch.MavenLaunchDelegate -  mvn  -B -Dstyle.color=always clean
2023-10-20 19:21:11,832 [Worker-63: Updating Maven Project] INFO  o.e.m.c.i.p.ProjectConfigurationManager - Update started
2023-10-20 19:21:12,154 [Worker-63: Updating Maven Project] INFO  o.e.m.c.i.l.LifecycleMappingFactory - Using org.eclipse.m2e.jdt.JarLifecycleMapping lifecycle mapping for MavenProject: com.javatechie:spring-boot-crud-example-product:0.0.1-SNAPSHOT @ D:\GitHub\Invento\spring-boot-invento\pom.xml.
2023-10-20 19:21:13,251 [Worker-63: Updating Maven Project] INFO  o.e.m.j.i.AbstractJavaProjectConfigurator - Adding source folder /spring-boot-invento/src/main/java
2023-10-20 19:21:13,251 [Worker-63: Updating Maven Project] INFO  o.e.m.j.i.AbstractJavaProjectConfigurator - Adding resource folder /spring-boot-invento/src/main/resources
2023-10-20 19:21:13,252 [Worker-63: Updating Maven Project] INFO  o.e.m.j.i.AbstractJavaProjectConfigurator - Adding resource folder /spring-boot-invento/src/main/resources
2023-10-20 19:21:13,252 [Worker-63: Updating Maven Project] INFO  o.e.m.j.i.AbstractJavaProjectConfigurator - Adding source folder /spring-boot-invento/src/test/java
2023-10-20 19:21:14,089 [Worker-63: Updating Maven Project] INFO  o.e.m.c.i.p.ProjectConfigurationManager - Update completed for 1 poms: local refresh takes 0.00 sec, refresh facades takes 1.00 sec, update config takes 0.00 sec 
2023-10-20 19:21:14,841 [Worker-66: Building] INFO  o.a.m.s.f.DefaultMavenResourcesFiltering - Copying 1 resource from src\main\resources to target\classes
2023-10-20 19:21:14,868 [Worker-66: Building] INFO  o.a.m.s.f.DefaultMavenResourcesFiltering - Copying 0 resource from src\main\resources to target\classes
2023-10-20 19:21:14,873 [Worker-66: Building] INFO  o.a.m.s.f.DefaultMavenResourcesFiltering - skip non existing resourceDirectory D:\GitHub\Invento\spring-boot-invento\src\test\resources
2023-10-20 19:52:05,206 [Worker-69: Building] INFO  o.e.m.c.i.l.LifecycleMappingFactory - Using org.maven.ide.eclipse.wtp.WarLifecycleMapping lifecycle mapping for MavenProject: com.javatechie:spring-boot-crud-example-product:0.0.1-SNAPSHOT @ D:\GitHub\Invento\spring-boot-invento\pom.xml.
2023-10-20 19:52:06,520 [Worker-69: Building] INFO  o.a.m.s.f.DefaultMavenResourcesFiltering - Copying 0 resource from src\main\resources to target\classes
2023-10-20 19:52:06,521 [Worker-69: Building] INFO  o.a.m.s.f.DefaultMavenResourcesFiltering - Copying 0 resource from src\main\resources to target\classes
2023-10-20 19:52:06,524 [Worker-69: Building] INFO  o.a.m.s.f.DefaultMavenResourcesFiltering - skip non existing resourceDirectory D:\GitHub\Invento\spring-boot-invento\src\test\resources
2023-10-20 19:52:06,525 [Worker-69: Building] INFO  o.e.m.w.i.f.ResourceFilteringBuildParticipant - Changed resources require a complete clean of filtered resources of spring-boot-invento
2023-10-20 19:52:06,525 [Worker-69: Building] INFO  o.e.m.w.i.f.ResourceFilteringBuildParticipant - Executing resource filtering for spring-boot-invento
2023-10-20 19:52:06,588 [Worker-70: Updating Maven Project] INFO  o.e.m.c.i.p.ProjectConfigurationManager - Update started
2023-10-20 19:52:06,963 [Worker-70: Updating Maven Project] INFO  o.e.m.c.i.l.LifecycleMappingFactory - Using org.maven.ide.eclipse.wtp.WarLifecycleMapping lifecycle mapping for MavenProject: com.javatechie:spring-boot-crud-example-product:0.0.1-SNAPSHOT @ D:\GitHub\Invento\spring-boot-invento\pom.xml.
2023-10-20 19:52:07,760 [Worker-70: Updating Maven Project] INFO  o.e.m.j.i.AbstractJavaProjectConfigurator - Adding source folder /spring-boot-invento/src/main/java
2023-10-20 19:52:07,760 [Worker-70: Updating Maven Project] INFO  o.e.m.j.i.AbstractJavaProjectConfigurator - Adding resource folder /spring-boot-invento/src/main/resources
2023-10-20 19:52:07,760 [Worker-70: Updating Maven Project] INFO  o.e.m.j.i.AbstractJavaProjectConfigurator - Adding resource folder /spring-boot-invento/src/main/resources
2023-10-20 19:52:07,761 [Worker-70: Updating Maven Project] INFO  o.e.m.j.i.AbstractJavaProjectConfigurator - Adding source folder /spring-boot-invento/src/test/java
2023-10-20 19:52:08,911 [Worker-70: Updating Maven Project] INFO  o.e.m.w.i.f.ResourceFilteringBuildParticipant - Cleaning filtered folder for spring-boot-invento
2023-10-20 19:52:08,947 [Worker-70: Updating Maven Project] INFO  o.e.m.c.i.p.ProjectConfigurationManager - Update completed for 1 poms: local refresh takes 0.00 sec, refresh facades takes 1.00 sec, update config takes 0.00 sec 
2023-10-20 19:52:09,930 [Worker-69: Building] INFO  o.a.m.s.f.DefaultMavenResourcesFiltering - Copying 1 resource from src\main\resources to target\classes
2023-10-20 19:52:10,043 [Worker-69: Building] INFO  o.a.m.s.f.DefaultMavenResourcesFiltering - Copying 0 resource from src\main\resources to target\classes
2023-10-20 19:52:10,052 [Worker-69: Building] INFO  o.a.m.s.f.DefaultMavenResourcesFiltering - skip non existing resourceDirectory D:\GitHub\Invento\spring-boot-invento\src\test\resources
2023-10-20 19:52:10,052 [Worker-69: Building] INFO  o.e.m.w.i.f.ResourceFilteringBuildParticipant - Changed resources require a complete clean of filtered resources of spring-boot-invento
2023-10-20 19:52:10,052 [Worker-69: Building] INFO  o.e.m.w.i.f.ResourceFilteringBuildParticipant - Executing resource filtering for spring-boot-invento
2023-10-20 20:12:36,319 [Worker-7: Loading available Gradle versions] INFO  o.e.b.c.i.u.g.PublishedGradleVersions - Gradle version information cache is up-to-date. Trying to read.
2023-10-20 22:19:19,952 [Worker-26: Building] INFO  o.a.m.s.f.DefaultMavenResourcesFiltering - Copying 1 resource from src\main\resources to target\classes
2023-10-20 22:19:21,824 [Worker-26: Building] INFO  o.a.m.s.f.DefaultMavenResourcesFiltering - Copying 0 resource from src\main\resources to target\classes
2023-10-20 22:19:21,830 [Worker-26: Building] INFO  o.a.m.s.f.DefaultMavenResourcesFiltering - skip non existing resourceDirectory D:\GitHub\Invento\spring-boot-invento\src\test\resources
